<?xml version="1.0" encoding="UTF-8"?>
<!-- Generated by org.testng.reporters.JUnitXMLReporter -->
<testsuite hostname="DESKTOP-6DLV9PP" ignored="0" name="Sprint-Tests" tests="88" failures="9" timestamp="13 Aug 2021 23:21:13 GMT" time="20335.055" errors="0">
  <testcase name="test_LQ1057" time="157.752" classname="com.livingtree.tests.LQ1057"/>
  <testcase name="test_LQ1117" time="166.728" classname="com.livingtree.tests.LQ1117"/>
  <testcase name="test_LQ1929" time="58.58" classname="com.livingtree.tests.LQ1929"/>
  <testcase name="test_LQ1935" time="178.808" classname="com.livingtree.tests.LQ1935"/>
  <testcase name="test_LQ2021" time="171.476" classname="com.livingtree.tests.LQ2021"/>
  <testcase name="test_LQ2067" time="82.167" classname="com.livingtree.tests.LQ2067">
    <failure type="java.lang.AssertionError" message="no such element: Unable to locate element: {&amp;quot;method&amp;quot;:&amp;quot;xpath&amp;quot;,&amp;quot;selector&amp;quot;:&amp;quot;//input[@id=&amp;apos;Accept&amp;apos;]&amp;quot;}
  (Session info: chrome=92.0.4515.131)
For documentation on this error, please visit: https://www.seleniumhq.org/exceptions/no_such_element.html
Build info: version: &amp;apos;3.141.59&amp;apos;, revision: &amp;apos;e82be7d358&amp;apos;, time: &amp;apos;2018-11-14T08:17:03&amp;apos;
System info: host: &amp;apos;DESKTOP-6DLV9PP&amp;apos;, ip: &amp;apos;192.168.0.114&amp;apos;, os.name: &amp;apos;Windows 10&amp;apos;, os.arch: &amp;apos;amd64&amp;apos;, os.version: &amp;apos;10.0&amp;apos;, java.version: &amp;apos;1.8.0_271&amp;apos;
Driver info: org.openqa.selenium.chrome.ChromeDriver
Capabilities {acceptInsecureCerts: false, browserName: chrome, browserVersion: 92.0.4515.131, chrome: {chromedriverVersion: 92.0.4515.43 (8c61b7e2989f2..., userDataDir: C:\Users\DELL\AppData\Local...}, goog:chromeOptions: {debuggerAddress: localhost:55866}, javascriptEnabled: true, networkConnectionEnabled: false, pageLoadStrategy: normal, platform: WINDOWS, platformName: WINDOWS, proxy: Proxy(), setWindowRect: true, strictFileInteractability: false, timeouts: {implicit: 0, pageLoad: 300000, script: 30000}, unhandledPromptBehavior: dismiss and notify, webauthn:extension:credBlob: true, webauthn:extension:largeBlob: true, webauthn:virtualAuthenticators: true}
Session ID: d2aced4ab89802af5416c37ef0f293dd
*** Element info: {Using=xpath, value=//input[@id=&amp;apos;Accept&amp;apos;]}">
      <![CDATA[java.lang.AssertionError: no such element: Unable to locate element: {"method":"xpath","selector":"//input[@id='Accept']"}
  (Session info: chrome=92.0.4515.131)
For documentation on this error, please visit: https://www.seleniumhq.org/exceptions/no_such_element.html
Build info: version: '3.141.59', revision: 'e82be7d358', time: '2018-11-14T08:17:03'
System info: host: 'DESKTOP-6DLV9PP', ip: '192.168.0.114', os.name: 'Windows 10', os.arch: 'amd64', os.version: '10.0', java.version: '1.8.0_271'
Driver info: org.openqa.selenium.chrome.ChromeDriver
Capabilities {acceptInsecureCerts: false, browserName: chrome, browserVersion: 92.0.4515.131, chrome: {chromedriverVersion: 92.0.4515.43 (8c61b7e2989f2..., userDataDir: C:\Users\DELL\AppData\Local...}, goog:chromeOptions: {debuggerAddress: localhost:55866}, javascriptEnabled: true, networkConnectionEnabled: false, pageLoadStrategy: normal, platform: WINDOWS, platformName: WINDOWS, proxy: Proxy(), setWindowRect: true, strictFileInteractability: false, timeouts: {implicit: 0, pageLoad: 300000, script: 30000}, unhandledPromptBehavior: dismiss and notify, webauthn:extension:credBlob: true, webauthn:extension:largeBlob: true, webauthn:virtualAuthenticators: true}
Session ID: d2aced4ab89802af5416c37ef0f293dd
*** Element info: {Using=xpath, value=//input[@id='Accept']}
at com.livingtree.tests.LQ2067.test_LQ2067(LQ2067.java:40)
at suite.runner.CustomSuiteRunner.suiteRunner(CustomSuiteRunner.java:188)
... Removed 51 stack frames]]>
    </failure>
  </testcase> <!-- test_LQ2067 -->
  <testcase name="test_LQ2136" time="200.53" classname="com.livingtree.tests.LQ2136"/>
  <testcase name="test_LQ2142" time="205.797" classname="com.livingtree.tests.LQ2142"/>
  <testcase name="test_LQ2164" time="103.713" classname="com.livingtree.tests.LQ2164"/>
  <testcase name="test_LQ2165" time="109.21" classname="com.livingtree.tests.LQ2165"/>
  <testcase name="test_LQ2179" time="140.872" classname="com.livingtree.tests.LQ2179"/>
  <testcase name="test_LQ2180" time="93.125" classname="com.livingtree.tests.LQ2180"/>
  <testcase name="test_LQ2192" time="173.221" classname="com.livingtree.tests.LQ2192"/>
  <testcase name="test_LQ2202" time="167.08" classname="com.livingtree.tests.LQ2202"/>
  <testcase name="test_LQ2742" time="190.161" classname="com.livingtree.tests.LQ2742"/>
  <testcase name="test_LQ2748" time="192.747" classname="com.livingtree.tests.LQ2748"/>
  <testcase name="test_LQ2749" time="188.378" classname="com.livingtree.tests.LQ2749"/>
  <testcase name="test_LQ2572" time="191.372" classname="com.livingtree.tests.LQ2752"/>
  <testcase name="test_LQ3130" time="239.184" classname="com.livingtree.tests.LQ3130"/>
  <testcase name="test_LQ3299" time="58.24" classname="com.livingtree.tests.LQ3299"/>
  <testcase name="test_LQ3665" time="146.897" classname="com.livingtree.tests.LQ3665"/>
  <testcase name="test_LQ3667" time="252.799" classname="com.livingtree.tests.LQ3667"/>
  <testcase name="test_LQ4084" time="154.747" classname="com.livingtree.tests.LQ4084"/>
  <testcase name="test_LQ4094" time="95.622" classname="com.livingtree.tests.LQ4094">
    <failure type="java.lang.AssertionError" message="element not interactable
  (Session info: chrome=92.0.4515.131)
Build info: version: &amp;apos;3.141.59&amp;apos;, revision: &amp;apos;e82be7d358&amp;apos;, time: &amp;apos;2018-11-14T08:17:03&amp;apos;
System info: host: &amp;apos;DESKTOP-6DLV9PP&amp;apos;, ip: &amp;apos;192.168.0.114&amp;apos;, os.name: &amp;apos;Windows 10&amp;apos;, os.arch: &amp;apos;amd64&amp;apos;, os.version: &amp;apos;10.0&amp;apos;, java.version: &amp;apos;1.8.0_271&amp;apos;
Driver info: org.openqa.selenium.chrome.ChromeDriver
Capabilities {acceptInsecureCerts: false, browserName: chrome, browserVersion: 92.0.4515.131, chrome: {chromedriverVersion: 92.0.4515.43 (8c61b7e2989f2..., userDataDir: C:\Users\DELL\AppData\Local...}, goog:chromeOptions: {debuggerAddress: localhost:60484}, javascriptEnabled: true, networkConnectionEnabled: false, pageLoadStrategy: normal, platform: WINDOWS, platformName: WINDOWS, proxy: Proxy(), setWindowRect: true, strictFileInteractability: false, timeouts: {implicit: 0, pageLoad: 300000, script: 30000}, unhandledPromptBehavior: dismiss and notify, webauthn:extension:credBlob: true, webauthn:extension:largeBlob: true, webauthn:virtualAuthenticators: true}
Session ID: 45c950e57104649ff6da34ac64b420f7">
      <![CDATA[java.lang.AssertionError: element not interactable
  (Session info: chrome=92.0.4515.131)
Build info: version: '3.141.59', revision: 'e82be7d358', time: '2018-11-14T08:17:03'
System info: host: 'DESKTOP-6DLV9PP', ip: '192.168.0.114', os.name: 'Windows 10', os.arch: 'amd64', os.version: '10.0', java.version: '1.8.0_271'
Driver info: org.openqa.selenium.chrome.ChromeDriver
Capabilities {acceptInsecureCerts: false, browserName: chrome, browserVersion: 92.0.4515.131, chrome: {chromedriverVersion: 92.0.4515.43 (8c61b7e2989f2..., userDataDir: C:\Users\DELL\AppData\Local...}, goog:chromeOptions: {debuggerAddress: localhost:60484}, javascriptEnabled: true, networkConnectionEnabled: false, pageLoadStrategy: normal, platform: WINDOWS, platformName: WINDOWS, proxy: Proxy(), setWindowRect: true, strictFileInteractability: false, timeouts: {implicit: 0, pageLoad: 300000, script: 30000}, unhandledPromptBehavior: dismiss and notify, webauthn:extension:credBlob: true, webauthn:extension:largeBlob: true, webauthn:virtualAuthenticators: true}
Session ID: 45c950e57104649ff6da34ac64b420f7
at com.livingtree.tests.LQ4094.test_LQ4094(LQ4094.java:60)
at suite.runner.CustomSuiteRunner.suiteRunner(CustomSuiteRunner.java:188)
... Removed 51 stack frames]]>
    </failure>
  </testcase> <!-- test_LQ4094 -->
  <testcase name="test_LQ4141" time="63.781" classname="com.livingtree.tests.LQ4141"/>
  <testcase name="test_LQ4190" time="98.059" classname="com.livingtree.tests.LQ4190"/>
  <testcase name="test_LQ4191" time="140.797" classname="com.livingtree.tests.LQ4191">
    <failure type="java.lang.AssertionError" message="Expected condition failed: waiting for element to be clickable: By.xpath: //*[@placeholder=&amp;apos;Create a post or share a photo, video or file&amp;apos;] (tried for 120 second(s) with 500 milliseconds interval)">
      <![CDATA[java.lang.AssertionError: Expected condition failed: waiting for element to be clickable: By.xpath: //*[@placeholder='Create a post or share a photo, video or file'] (tried for 120 second(s) with 500 milliseconds interval)
at com.livingtree.tests.LQ4191.test_LQ4191(LQ4191.java:32)
at suite.runner.CustomSuiteRunner.suiteRunner(CustomSuiteRunner.java:188)
... Removed 51 stack frames]]>
    </failure>
  </testcase> <!-- test_LQ4191 -->
  <testcase name="test_LQ4195" time="130.717" classname="com.livingtree.tests.LQ4195"/>
  <testcase name="test_LQ4198" time="77.127" classname="com.livingtree.tests.LQ4198">
    <failure type="java.lang.AssertionError" message="element click intercepted: Element is not clickable at point (1322, 1127)
  (Session info: chrome=92.0.4515.131)
Build info: version: &amp;apos;3.141.59&amp;apos;, revision: &amp;apos;e82be7d358&amp;apos;, time: &amp;apos;2018-11-14T08:17:03&amp;apos;
System info: host: &amp;apos;DESKTOP-6DLV9PP&amp;apos;, ip: &amp;apos;192.168.0.114&amp;apos;, os.name: &amp;apos;Windows 10&amp;apos;, os.arch: &amp;apos;amd64&amp;apos;, os.version: &amp;apos;10.0&amp;apos;, java.version: &amp;apos;1.8.0_271&amp;apos;
Driver info: org.openqa.selenium.chrome.ChromeDriver
Capabilities {acceptInsecureCerts: false, browserName: chrome, browserVersion: 92.0.4515.131, chrome: {chromedriverVersion: 92.0.4515.43 (8c61b7e2989f2..., userDataDir: C:\Users\DELL\AppData\Local...}, goog:chromeOptions: {debuggerAddress: localhost:52714}, javascriptEnabled: true, networkConnectionEnabled: false, pageLoadStrategy: normal, platform: WINDOWS, platformName: WINDOWS, proxy: Proxy(), setWindowRect: true, strictFileInteractability: false, timeouts: {implicit: 0, pageLoad: 300000, script: 30000}, unhandledPromptBehavior: dismiss and notify, webauthn:extension:credBlob: true, webauthn:extension:largeBlob: true, webauthn:virtualAuthenticators: true}
Session ID: 5ad5aeac2269d28224a01d48a4fb3da9">
      <![CDATA[java.lang.AssertionError: element click intercepted: Element is not clickable at point (1322, 1127)
  (Session info: chrome=92.0.4515.131)
Build info: version: '3.141.59', revision: 'e82be7d358', time: '2018-11-14T08:17:03'
System info: host: 'DESKTOP-6DLV9PP', ip: '192.168.0.114', os.name: 'Windows 10', os.arch: 'amd64', os.version: '10.0', java.version: '1.8.0_271'
Driver info: org.openqa.selenium.chrome.ChromeDriver
Capabilities {acceptInsecureCerts: false, browserName: chrome, browserVersion: 92.0.4515.131, chrome: {chromedriverVersion: 92.0.4515.43 (8c61b7e2989f2..., userDataDir: C:\Users\DELL\AppData\Local...}, goog:chromeOptions: {debuggerAddress: localhost:52714}, javascriptEnabled: true, networkConnectionEnabled: false, pageLoadStrategy: normal, platform: WINDOWS, platformName: WINDOWS, proxy: Proxy(), setWindowRect: true, strictFileInteractability: false, timeouts: {implicit: 0, pageLoad: 300000, script: 30000}, unhandledPromptBehavior: dismiss and notify, webauthn:extension:credBlob: true, webauthn:extension:largeBlob: true, webauthn:virtualAuthenticators: true}
Session ID: 5ad5aeac2269d28224a01d48a4fb3da9
at com.livingtree.tests.LQ4198.test_LQ4198(LQ4198.java:41)
at suite.runner.CustomSuiteRunner.suiteRunner(CustomSuiteRunner.java:188)
... Removed 51 stack frames]]>
    </failure>
  </testcase> <!-- test_LQ4198 -->
  <testcase name="test_LQ4201" time="49.526" classname="com.livingtree.tests.LQ4201">
    <failure type="java.lang.AssertionError" message="element not interactable
  (Session info: chrome=92.0.4515.131)
Build info: version: &amp;apos;3.141.59&amp;apos;, revision: &amp;apos;e82be7d358&amp;apos;, time: &amp;apos;2018-11-14T08:17:03&amp;apos;
System info: host: &amp;apos;DESKTOP-6DLV9PP&amp;apos;, ip: &amp;apos;192.168.0.114&amp;apos;, os.name: &amp;apos;Windows 10&amp;apos;, os.arch: &amp;apos;amd64&amp;apos;, os.version: &amp;apos;10.0&amp;apos;, java.version: &amp;apos;1.8.0_271&amp;apos;
Driver info: org.openqa.selenium.chrome.ChromeDriver
Capabilities {acceptInsecureCerts: false, browserName: chrome, browserVersion: 92.0.4515.131, chrome: {chromedriverVersion: 92.0.4515.43 (8c61b7e2989f2..., userDataDir: C:\Users\DELL\AppData\Local...}, goog:chromeOptions: {debuggerAddress: localhost:64100}, javascriptEnabled: true, networkConnectionEnabled: false, pageLoadStrategy: normal, platform: WINDOWS, platformName: WINDOWS, proxy: Proxy(), setWindowRect: true, strictFileInteractability: false, timeouts: {implicit: 0, pageLoad: 300000, script: 30000}, unhandledPromptBehavior: dismiss and notify, webauthn:extension:credBlob: true, webauthn:extension:largeBlob: true, webauthn:virtualAuthenticators: true}
Session ID: c10c307a27265ded43cd5c1de4ca9807">
      <![CDATA[java.lang.AssertionError: element not interactable
  (Session info: chrome=92.0.4515.131)
Build info: version: '3.141.59', revision: 'e82be7d358', time: '2018-11-14T08:17:03'
System info: host: 'DESKTOP-6DLV9PP', ip: '192.168.0.114', os.name: 'Windows 10', os.arch: 'amd64', os.version: '10.0', java.version: '1.8.0_271'
Driver info: org.openqa.selenium.chrome.ChromeDriver
Capabilities {acceptInsecureCerts: false, browserName: chrome, browserVersion: 92.0.4515.131, chrome: {chromedriverVersion: 92.0.4515.43 (8c61b7e2989f2..., userDataDir: C:\Users\DELL\AppData\Local...}, goog:chromeOptions: {debuggerAddress: localhost:64100}, javascriptEnabled: true, networkConnectionEnabled: false, pageLoadStrategy: normal, platform: WINDOWS, platformName: WINDOWS, proxy: Proxy(), setWindowRect: true, strictFileInteractability: false, timeouts: {implicit: 0, pageLoad: 300000, script: 30000}, unhandledPromptBehavior: dismiss and notify, webauthn:extension:credBlob: true, webauthn:extension:largeBlob: true, webauthn:virtualAuthenticators: true}
Session ID: c10c307a27265ded43cd5c1de4ca9807
at com.livingtree.tests.LQ4201.test_LQ4201(LQ4201.java:32)
at suite.runner.CustomSuiteRunner.suiteRunner(CustomSuiteRunner.java:188)
... Removed 51 stack frames]]>
    </failure>
  </testcase> <!-- test_LQ4201 -->
  <testcase name="test_LQ4268" time="84.694" classname="com.livingtree.tests.LQ4268">
    <failure type="java.lang.AssertionError" message="no such element: Unable to locate element: {&amp;quot;method&amp;quot;:&amp;quot;css selector&amp;quot;,&amp;quot;selector&amp;quot;:&amp;quot;#invitee_new_group_name_0&amp;quot;}
  (Session info: chrome=92.0.4515.131)
For documentation on this error, please visit: https://www.seleniumhq.org/exceptions/no_such_element.html
Build info: version: &amp;apos;3.141.59&amp;apos;, revision: &amp;apos;e82be7d358&amp;apos;, time: &amp;apos;2018-11-14T08:17:03&amp;apos;
System info: host: &amp;apos;DESKTOP-6DLV9PP&amp;apos;, ip: &amp;apos;192.168.0.114&amp;apos;, os.name: &amp;apos;Windows 10&amp;apos;, os.arch: &amp;apos;amd64&amp;apos;, os.version: &amp;apos;10.0&amp;apos;, java.version: &amp;apos;1.8.0_271&amp;apos;
Driver info: org.openqa.selenium.chrome.ChromeDriver
Capabilities {acceptInsecureCerts: false, browserName: chrome, browserVersion: 92.0.4515.131, chrome: {chromedriverVersion: 92.0.4515.43 (8c61b7e2989f2..., userDataDir: C:\Users\DELL\AppData\Local...}, goog:chromeOptions: {debuggerAddress: localhost:62837}, javascriptEnabled: true, networkConnectionEnabled: false, pageLoadStrategy: normal, platform: WINDOWS, platformName: WINDOWS, proxy: Proxy(), setWindowRect: true, strictFileInteractability: false, timeouts: {implicit: 0, pageLoad: 300000, script: 30000}, unhandledPromptBehavior: dismiss and notify, webauthn:extension:credBlob: true, webauthn:extension:largeBlob: true, webauthn:virtualAuthenticators: true}
Session ID: 73a3d0d07a1ae7008ccf1d7e45b3667e
*** Element info: {Using=id, value=invitee_new_group_name_0}">
      <![CDATA[java.lang.AssertionError: no such element: Unable to locate element: {"method":"css selector","selector":"#invitee_new_group_name_0"}
  (Session info: chrome=92.0.4515.131)
For documentation on this error, please visit: https://www.seleniumhq.org/exceptions/no_such_element.html
Build info: version: '3.141.59', revision: 'e82be7d358', time: '2018-11-14T08:17:03'
System info: host: 'DESKTOP-6DLV9PP', ip: '192.168.0.114', os.name: 'Windows 10', os.arch: 'amd64', os.version: '10.0', java.version: '1.8.0_271'
Driver info: org.openqa.selenium.chrome.ChromeDriver
Capabilities {acceptInsecureCerts: false, browserName: chrome, browserVersion: 92.0.4515.131, chrome: {chromedriverVersion: 92.0.4515.43 (8c61b7e2989f2..., userDataDir: C:\Users\DELL\AppData\Local...}, goog:chromeOptions: {debuggerAddress: localhost:62837}, javascriptEnabled: true, networkConnectionEnabled: false, pageLoadStrategy: normal, platform: WINDOWS, platformName: WINDOWS, proxy: Proxy(), setWindowRect: true, strictFileInteractability: false, timeouts: {implicit: 0, pageLoad: 300000, script: 30000}, unhandledPromptBehavior: dismiss and notify, webauthn:extension:credBlob: true, webauthn:extension:largeBlob: true, webauthn:virtualAuthenticators: true}
Session ID: 73a3d0d07a1ae7008ccf1d7e45b3667e
*** Element info: {Using=id, value=invitee_new_group_name_0}
at com.livingtree.tests.LQ4268.test_LQ4268(LQ4268.java:36)
at suite.runner.CustomSuiteRunner.suiteRunner(CustomSuiteRunner.java:188)
... Removed 51 stack frames]]>
    </failure>
  </testcase> <!-- test_LQ4268 -->
  <testcase name="test_LQ4321" time="37.424" classname="com.livingtree.tests.LQ4321"/>
  <testcase name="test_LQ4327FilePost" time="267.644" classname="com.livingtree.tests.LQ4327_FilePost"/>
  <testcase name="test_LQ4327MessagePost" time="227.906" classname="com.livingtree.tests.LQ4327_MessagePost"/>
  <testcase name="test_LQ4327PhotoPost" time="231.981" classname="com.livingtree.tests.LQ4327_PhotoPost"/>
  <testcase name="test_LQ4327ScheduleFilePost" time="417.009" classname="com.livingtree.tests.LQ4327_ScheduleFilePost">
    <failure type="java.lang.AssertionError" message="no such element: Unable to locate element: {&amp;quot;method&amp;quot;:&amp;quot;css selector&amp;quot;,&amp;quot;selector&amp;quot;:&amp;quot;#txtEmail&amp;quot;}
  (Session info: chrome=92.0.4515.131)
For documentation on this error, please visit: https://www.seleniumhq.org/exceptions/no_such_element.html
Build info: version: &amp;apos;3.141.59&amp;apos;, revision: &amp;apos;e82be7d358&amp;apos;, time: &amp;apos;2018-11-14T08:17:03&amp;apos;
System info: host: &amp;apos;DESKTOP-6DLV9PP&amp;apos;, ip: &amp;apos;192.168.0.114&amp;apos;, os.name: &amp;apos;Windows 10&amp;apos;, os.arch: &amp;apos;amd64&amp;apos;, os.version: &amp;apos;10.0&amp;apos;, java.version: &amp;apos;1.8.0_271&amp;apos;
Driver info: org.openqa.selenium.chrome.ChromeDriver
Capabilities {acceptInsecureCerts: false, browserName: chrome, browserVersion: 92.0.4515.131, chrome: {chromedriverVersion: 92.0.4515.43 (8c61b7e2989f2..., userDataDir: C:\Users\DELL\AppData\Local...}, goog:chromeOptions: {debuggerAddress: localhost:58470}, javascriptEnabled: true, networkConnectionEnabled: false, pageLoadStrategy: normal, platform: WINDOWS, platformName: WINDOWS, proxy: Proxy(), setWindowRect: true, strictFileInteractability: false, timeouts: {implicit: 0, pageLoad: 300000, script: 30000}, unhandledPromptBehavior: dismiss and notify, webauthn:extension:credBlob: true, webauthn:extension:largeBlob: true, webauthn:virtualAuthenticators: true}
Session ID: f26b5c468e6af002718d3f79a69da31b
*** Element info: {Using=id, value=txtEmail}">
      <![CDATA[java.lang.AssertionError: no such element: Unable to locate element: {"method":"css selector","selector":"#txtEmail"}
  (Session info: chrome=92.0.4515.131)
For documentation on this error, please visit: https://www.seleniumhq.org/exceptions/no_such_element.html
Build info: version: '3.141.59', revision: 'e82be7d358', time: '2018-11-14T08:17:03'
System info: host: 'DESKTOP-6DLV9PP', ip: '192.168.0.114', os.name: 'Windows 10', os.arch: 'amd64', os.version: '10.0', java.version: '1.8.0_271'
Driver info: org.openqa.selenium.chrome.ChromeDriver
Capabilities {acceptInsecureCerts: false, browserName: chrome, browserVersion: 92.0.4515.131, chrome: {chromedriverVersion: 92.0.4515.43 (8c61b7e2989f2..., userDataDir: C:\Users\DELL\AppData\Local...}, goog:chromeOptions: {debuggerAddress: localhost:58470}, javascriptEnabled: true, networkConnectionEnabled: false, pageLoadStrategy: normal, platform: WINDOWS, platformName: WINDOWS, proxy: Proxy(), setWindowRect: true, strictFileInteractability: false, timeouts: {implicit: 0, pageLoad: 300000, script: 30000}, unhandledPromptBehavior: dismiss and notify, webauthn:extension:credBlob: true, webauthn:extension:largeBlob: true, webauthn:virtualAuthenticators: true}
Session ID: f26b5c468e6af002718d3f79a69da31b
*** Element info: {Using=id, value=txtEmail}
at com.livingtree.tests.LQ4327_ScheduleFilePost.test_LQ4327ScheduleFilePost(LQ4327_ScheduleFilePost.java:47)
at suite.runner.CustomSuiteRunner.suiteRunner(CustomSuiteRunner.java:188)
... Removed 51 stack frames]]>
    </failure>
  </testcase> <!-- test_LQ4327ScheduleFilePost -->
  <testcase name="test_LQ4327ScheduleMessagePost" time="84.367" classname="com.livingtree.tests.LQ4327_ScheduleMessagePost">
    <failure type="java.lang.AssertionError" message="unknown error: net::ERR_CONNECTION_TIMED_OUT
  (Session info: chrome=92.0.4515.131)
Build info: version: &amp;apos;3.141.59&amp;apos;, revision: &amp;apos;e82be7d358&amp;apos;, time: &amp;apos;2018-11-14T08:17:03&amp;apos;
System info: host: &amp;apos;DESKTOP-6DLV9PP&amp;apos;, ip: &amp;apos;192.168.0.114&amp;apos;, os.name: &amp;apos;Windows 10&amp;apos;, os.arch: &amp;apos;amd64&amp;apos;, os.version: &amp;apos;10.0&amp;apos;, java.version: &amp;apos;1.8.0_271&amp;apos;
Driver info: org.openqa.selenium.chrome.ChromeDriver
Capabilities {acceptInsecureCerts: false, browserName: chrome, browserVersion: 92.0.4515.131, chrome: {chromedriverVersion: 92.0.4515.43 (8c61b7e2989f2..., userDataDir: C:\Users\DELL\AppData\Local...}, goog:chromeOptions: {debuggerAddress: localhost:51971}, javascriptEnabled: true, networkConnectionEnabled: false, pageLoadStrategy: normal, platform: WINDOWS, platformName: WINDOWS, proxy: Proxy(), setWindowRect: true, strictFileInteractability: false, timeouts: {implicit: 0, pageLoad: 300000, script: 30000}, unhandledPromptBehavior: dismiss and notify, webauthn:extension:credBlob: true, webauthn:extension:largeBlob: true, webauthn:virtualAuthenticators: true}
Session ID: 796cd5ee77bc5bf95175c8d0a6650b2d">
      <![CDATA[java.lang.AssertionError: unknown error: net::ERR_CONNECTION_TIMED_OUT
  (Session info: chrome=92.0.4515.131)
Build info: version: '3.141.59', revision: 'e82be7d358', time: '2018-11-14T08:17:03'
System info: host: 'DESKTOP-6DLV9PP', ip: '192.168.0.114', os.name: 'Windows 10', os.arch: 'amd64', os.version: '10.0', java.version: '1.8.0_271'
Driver info: org.openqa.selenium.chrome.ChromeDriver
Capabilities {acceptInsecureCerts: false, browserName: chrome, browserVersion: 92.0.4515.131, chrome: {chromedriverVersion: 92.0.4515.43 (8c61b7e2989f2..., userDataDir: C:\Users\DELL\AppData\Local...}, goog:chromeOptions: {debuggerAddress: localhost:51971}, javascriptEnabled: true, networkConnectionEnabled: false, pageLoadStrategy: normal, platform: WINDOWS, platformName: WINDOWS, proxy: Proxy(), setWindowRect: true, strictFileInteractability: false, timeouts: {implicit: 0, pageLoad: 300000, script: 30000}, unhandledPromptBehavior: dismiss and notify, webauthn:extension:credBlob: true, webauthn:extension:largeBlob: true, webauthn:virtualAuthenticators: true}
Session ID: 796cd5ee77bc5bf95175c8d0a6650b2d
at com.livingtree.tests.LQ4327_ScheduleMessagePost.test_LQ4327ScheduleMessagePost(LQ4327_ScheduleMessagePost.java:46)
at suite.runner.CustomSuiteRunner.suiteRunner(CustomSuiteRunner.java:188)
... Removed 51 stack frames]]>
    </failure>
  </testcase> <!-- test_LQ4327ScheduleMessagePost -->
  <testcase name="test_LQ4327SchedulePhotoPost" time="385.604" classname="com.livingtree.tests.LQ4327_SchedulePhotoPost"/>
  <testcase name="test_LQ4327ScheduleVideoPost" time="488.721" classname="com.livingtree.tests.LQ4327_ScheduleVideoPost"/>
  <testcase name="test_LQ4327VideoPost" time="341.196" classname="com.livingtree.tests.LQ4327_VideoPost"/>
  <testcase name="test_LQ4328FilePost" time="501.218" classname="com.livingtree.tests.LQ4328_FilePost"/>
  <testcase name="test_LQ4328MessagePost" time="426.866" classname="com.livingtree.tests.LQ4328_MessagePost"/>
  <testcase name="test_LQ4328PhotoPost" time="404.921" classname="com.livingtree.tests.LQ4328_PhotoPost"/>
  <testcase name="test_LQ4328ScheduleFilePost" time="739.028" classname="com.livingtree.tests.LQ4328_ScheduleFilePost"/>
  <testcase name="test_LQ4328ScheduleMessagePost" time="737.719" classname="com.livingtree.tests.LQ4328_ScheduleMessagePost"/>
  <testcase name="test_LQ4328SchedulePhotoPost" time="691.846" classname="com.livingtree.tests.LQ4328_SchedulePhotoPost"/>
  <testcase name="test_LQ4328ScheduleVideoPost" time="802.513" classname="com.livingtree.tests.LQ4328_ScheduleVideoPost"/>
  <testcase name="test_LQ4328VideoPost" time="664.989" classname="com.livingtree.tests.LQ4328_VideoPost"/>
  <testcase name="test_LQ4329FilePost" time="325.009" classname="com.livingtree.tests.LQ4329_FilePost"/>
  <testcase name="test_LQ4329MessagePost" time="173.383" classname="com.livingtree.tests.LQ4329_MessagePost"/>
  <testcase name="test_LQ4329PhotoPost" time="289.628" classname="com.livingtree.tests.LQ4329_PhotoPost"/>
  <testcase name="test_LQ4329ScheduleFilePost" time="353.105" classname="com.livingtree.tests.LQ4329_ScheduleFilePost"/>
  <testcase name="test_LQ4329ScheduleMessagePost" time="346.394" classname="com.livingtree.tests.LQ4329_ScheduleMessagePost"/>
  <testcase name="test_LQ4329SchedulePhotoPost" time="349.103" classname="com.livingtree.tests.LQ4329_SchedulePhotoPost"/>
  <testcase name="test_LQ4329ScheduleVideoPost" time="545.312" classname="com.livingtree.tests.LQ4329_ScheduleVideoPost"/>
  <testcase name="test_LQ4329VideoPost" time="392.184" classname="com.livingtree.tests.LQ4329_VideoPost"/>
  <testcase name="test_LQ4340" time="151.864" classname="com.livingtree.tests.LQ4340"/>
  <testcase name="test_LQ4343" time="113.214" classname="com.livingtree.tests.LQ4343"/>
  <testcase name="test_LQ4446" time="174.075" classname="com.livingtree.tests.LQ4446"/>
  <testcase name="test_LQ4450" time="195.267" classname="com.livingtree.tests.LQ4450"/>
  <testcase name="test_LQ4525" time="141.191" classname="com.livingtree.tests.LQ4525"/>
  <testcase name="test_LQ4539" time="161.88" classname="com.livingtree.tests.LQ4539"/>
  <testcase name="test_LQ4668" time="371.254" classname="com.livingtree.tests.LQ4668"/>
  <testcase name="test_LQ4673" time="173.186" classname="com.livingtree.tests.LQ4673"/>
  <testcase name="test_LQ4726" time="138.805" classname="com.livingtree.tests.LQ4726"/>
  <testcase name="test_LQ4727" time="272.0" classname="com.livingtree.tests.LQ4727"/>
  <testcase name="test_LQ4736" time="82.504" classname="com.livingtree.tests.LQ4736"/>
  <testcase name="test_LQ4737" time="60.472" classname="com.livingtree.tests.LQ4737"/>
  <testcase name="test_LQ4819" time="481.077" classname="com.livingtree.tests.LQ4819"/>
  <testcase name="test_LQ4820" time="596.284" classname="com.livingtree.tests.LQ4820"/>
  <testcase name="test_LQ4920" time="231.23" classname="com.livingtree.tests.LQ4920"/>
  <testcase name="test_LQ5068" time="40.392" classname="com.livingtree.tests.LQ5068"/>
  <testcase name="test_LQ5173" time="357.84" classname="com.livingtree.tests.LQ5173"/>
  <testcase name="test_LQ5174" time="158.879" classname="com.livingtree.tests.LQ5174"/>
  <testcase name="test_LQ5188" time="116.008" classname="com.livingtree.tests.LQ5188"/>
  <testcase name="test_LQ5190" time="118.552" classname="com.livingtree.tests.LQ5190"/>
  <testcase name="test_LQ5217" time="108.829" classname="com.livingtree.tests.LQ5217"/>
  <testcase name="test_LQ5218" time="41.286" classname="com.livingtree.tests.LQ5218"/>
  <testcase name="test_LQ5219" time="49.717" classname="com.livingtree.tests.LQ5219"/>
  <testcase name="test_LQ5220" time="45.47" classname="com.livingtree.tests.LQ5220"/>
  <testcase name="test_LQ5230" time="200.009" classname="com.livingtree.tests.LQ5230"/>
  <testcase name="test_LQ5243" time="40.202" classname="com.livingtree.tests.LQ5243"/>
  <testcase name="test_LQ5246" time="141.938" classname="com.livingtree.tests.LQ5246"/>
  <testcase name="test_LQ5248" time="63.663" classname="com.livingtree.tests.LQ5248"/>
  <testcase name="test_LQ5257" time="91.553" classname="com.livingtree.tests.LQ5257"/>
  <testcase name="test_LQ5275" time="191.655" classname="com.livingtree.tests.LQ5275"/>
  <testcase name="test_LQ5300" time="233.922" classname="com.livingtree.tests.LQ5300">
    <failure type="java.lang.AssertionError" message="no such element: Unable to locate element: {&amp;quot;method&amp;quot;:&amp;quot;xpath&amp;quot;,&amp;quot;selector&amp;quot;:&amp;quot;//div[@class=&amp;apos;row classes&amp;apos;]/div[2]/a&amp;quot;}
  (Session info: chrome=92.0.4515.131)
For documentation on this error, please visit: https://www.seleniumhq.org/exceptions/no_such_element.html
Build info: version: &amp;apos;3.141.59&amp;apos;, revision: &amp;apos;e82be7d358&amp;apos;, time: &amp;apos;2018-11-14T08:17:03&amp;apos;
System info: host: &amp;apos;DESKTOP-6DLV9PP&amp;apos;, ip: &amp;apos;192.168.0.114&amp;apos;, os.name: &amp;apos;Windows 10&amp;apos;, os.arch: &amp;apos;amd64&amp;apos;, os.version: &amp;apos;10.0&amp;apos;, java.version: &amp;apos;1.8.0_271&amp;apos;
Driver info: org.openqa.selenium.chrome.ChromeDriver
Capabilities {acceptInsecureCerts: false, browserName: chrome, browserVersion: 92.0.4515.131, chrome: {chromedriverVersion: 92.0.4515.43 (8c61b7e2989f2..., userDataDir: C:\Users\DELL\AppData\Local...}, goog:chromeOptions: {debuggerAddress: localhost:55381}, javascriptEnabled: true, networkConnectionEnabled: false, pageLoadStrategy: normal, platform: WINDOWS, platformName: WINDOWS, proxy: Proxy(), setWindowRect: true, strictFileInteractability: false, timeouts: {implicit: 0, pageLoad: 300000, script: 30000}, unhandledPromptBehavior: dismiss and notify, webauthn:extension:credBlob: true, webauthn:extension:largeBlob: true, webauthn:virtualAuthenticators: true}
Session ID: 311382069eb2aa1a9cd0aa9508c578a0
*** Element info: {Using=xpath, value=//div[@class=&amp;apos;row classes&amp;apos;]/div[2]/a}">
      <![CDATA[java.lang.AssertionError: no such element: Unable to locate element: {"method":"xpath","selector":"//div[@class='row classes']/div[2]/a"}
  (Session info: chrome=92.0.4515.131)
For documentation on this error, please visit: https://www.seleniumhq.org/exceptions/no_such_element.html
Build info: version: '3.141.59', revision: 'e82be7d358', time: '2018-11-14T08:17:03'
System info: host: 'DESKTOP-6DLV9PP', ip: '192.168.0.114', os.name: 'Windows 10', os.arch: 'amd64', os.version: '10.0', java.version: '1.8.0_271'
Driver info: org.openqa.selenium.chrome.ChromeDriver
Capabilities {acceptInsecureCerts: false, browserName: chrome, browserVersion: 92.0.4515.131, chrome: {chromedriverVersion: 92.0.4515.43 (8c61b7e2989f2..., userDataDir: C:\Users\DELL\AppData\Local...}, goog:chromeOptions: {debuggerAddress: localhost:55381}, javascriptEnabled: true, networkConnectionEnabled: false, pageLoadStrategy: normal, platform: WINDOWS, platformName: WINDOWS, proxy: Proxy(), setWindowRect: true, strictFileInteractability: false, timeouts: {implicit: 0, pageLoad: 300000, script: 30000}, unhandledPromptBehavior: dismiss and notify, webauthn:extension:credBlob: true, webauthn:extension:largeBlob: true, webauthn:virtualAuthenticators: true}
Session ID: 311382069eb2aa1a9cd0aa9508c578a0
*** Element info: {Using=xpath, value=//div[@class='row classes']/div[2]/a}
at com.livingtree.tests.LQ5300.test_LQ5300(LQ5300.java:32)
at suite.runner.CustomSuiteRunner.suiteRunner(CustomSuiteRunner.java:188)
... Removed 51 stack frames]]>
    </failure>
  </testcase> <!-- test_LQ5300 -->
  <testcase name="test_LQ5307" time="47.567" classname="com.livingtree.tests.LQ5307"/>
</testsuite> <!-- Sprint-Tests -->
